Warning[205] /home/bs06/e2099018/Desktop/3-2/336/Introduction-to-the-Embedded-Systems/The2.X/main.asm 31 : Found directive in column 1. (UDATA_ACS)
Warning[205] /home/bs06/e2099018/Desktop/3-2/336/Introduction-to-the-Embedded-Systems/The2.X/main.asm 46 : Found directive in column 1. (ORG)
Warning[207] /home/bs06/e2099018/Desktop/3-2/336/Introduction-to-the-Embedded-Systems/The2.X/main.asm 75 : Found label after column 1. (RG1_released)
Warning[207] /home/bs06/e2099018/Desktop/3-2/336/Introduction-to-the-Embedded-Systems/The2.X/main.asm 82 : Found label after column 1. (RG1_pressed)
Warning[207] /home/bs06/e2099018/Desktop/3-2/336/Introduction-to-the-Embedded-Systems/The2.X/main.asm 87 : Found label after column 1. (RG1_end)
Warning[207] /home/bs06/e2099018/Desktop/3-2/336/Introduction-to-the-Embedded-Systems/The2.X/main.asm 92 : Found label after column 1. (RG0_released)
Warning[207] /home/bs06/e2099018/Desktop/3-2/336/Introduction-to-the-Embedded-Systems/The2.X/main.asm 99 : Found label after column 1. (RG0_pressed)
Warning[207] /home/bs06/e2099018/Desktop/3-2/336/Introduction-to-the-Embedded-Systems/The2.X/main.asm 104 : Found label after column 1. (RGA_end)
Warning[207] /home/bs06/e2099018/Desktop/3-2/336/Introduction-to-the-Embedded-Systems/The2.X/main.asm 110 : Found label after column 1. (paddle_1_led_task)
Warning[207] /home/bs06/e2099018/Desktop/3-2/336/Introduction-to-the-Embedded-Systems/The2.X/main.asm 113 : Found label after column 1. (move_paddle1_up)
Warning[207] /home/bs06/e2099018/Desktop/3-2/336/Introduction-to-the-Embedded-Systems/The2.X/main.asm 119 : Found label after column 1. (move_paddle1_down)
Warning[207] /home/bs06/e2099018/Desktop/3-2/336/Introduction-to-the-Embedded-Systems/The2.X/main.asm 126 : Found label after column 1. (move_paddle1_end)
Warning[207] /home/bs06/e2099018/Desktop/3-2/336/Introduction-to-the-Embedded-Systems/The2.X/main.asm 136 : Found label after column 1. (RG3_released)
Warning[207] /home/bs06/e2099018/Desktop/3-2/336/Introduction-to-the-Embedded-Systems/The2.X/main.asm 143 : Found label after column 1. (RG3_pressed)
Warning[207] /home/bs06/e2099018/Desktop/3-2/336/Introduction-to-the-Embedded-Systems/The2.X/main.asm 148 : Found label after column 1. (RG3_end)
Warning[207] /home/bs06/e2099018/Desktop/3-2/336/Introduction-to-the-Embedded-Systems/The2.X/main.asm 153 : Found label after column 1. (RG2_released)
Warning[207] /home/bs06/e2099018/Desktop/3-2/336/Introduction-to-the-Embedded-Systems/The2.X/main.asm 160 : Found label after column 1. (RG2_pressed)
Warning[207] /home/bs06/e2099018/Desktop/3-2/336/Introduction-to-the-Embedded-Systems/The2.X/main.asm 165 : Found label after column 1. (RGF_end)
Warning[207] /home/bs06/e2099018/Desktop/3-2/336/Introduction-to-the-Embedded-Systems/The2.X/main.asm 171 : Found label after column 1. (paddle_2_led_task)
Warning[207] /home/bs06/e2099018/Desktop/3-2/336/Introduction-to-the-Embedded-Systems/The2.X/main.asm 174 : Found label after column 1. (move_paddle2_up)
Warning[207] /home/bs06/e2099018/Desktop/3-2/336/Introduction-to-the-Embedded-Systems/The2.X/main.asm 180 : Found label after column 1. (move_paddle2_down)
Warning[207] /home/bs06/e2099018/Desktop/3-2/336/Introduction-to-the-Embedded-Systems/The2.X/main.asm 187 : Found label after column 1. (move_paddle2_end)
