Warning[205] /home/bs06/e2099018/Desktop/3-2/336/Introduction-to-the-Embedded-Systems/The2.X/main.asm 31 : Found directive in column 1. (UDATA_ACS)
Warning[205] /home/bs06/e2099018/Desktop/3-2/336/Introduction-to-the-Embedded-Systems/The2.X/main.asm 57 : Found directive in column 1. (ORG)
Warning[205] /home/bs06/e2099018/Desktop/3-2/336/Introduction-to-the-Embedded-Systems/The2.X/main.asm 60 : Found directive in column 1. (ORG)
Warning[207] /home/bs06/e2099018/Desktop/3-2/336/Introduction-to-the-Embedded-Systems/The2.X/main.asm 69 : Found label after column 1. (TABLE)
Warning[207] /home/bs06/e2099018/Desktop/3-2/336/Introduction-to-the-Embedded-Systems/The2.X/main.asm 95 : Found label after column 1. (high_end)
Warning[207] /home/bs06/e2099018/Desktop/3-2/336/Introduction-to-the-Embedded-Systems/The2.X/main.asm 116 : Found label after column 1. (moving_to_left)
Warning[207] /home/bs06/e2099018/Desktop/3-2/336/Introduction-to-the-Embedded-Systems/The2.X/main.asm 135 : Found label after column 1. (left_a)
Warning[207] /home/bs06/e2099018/Desktop/3-2/336/Introduction-to-the-Embedded-Systems/The2.X/main.asm 144 : Found label after column 1. (a_first_bit_0)
Warning[207] /home/bs06/e2099018/Desktop/3-2/336/Introduction-to-the-Embedded-Systems/The2.X/main.asm 149 : Found label after column 1. (a_bit_00_11)
Warning[207] /home/bs06/e2099018/Desktop/3-2/336/Introduction-to-the-Embedded-Systems/The2.X/main.asm 157 : Found label after column 1. (a_bit_01)
Warning[207] /home/bs06/e2099018/Desktop/3-2/336/Introduction-to-the-Embedded-Systems/The2.X/main.asm 168 : Found label after column 1. (a_bit_10)
Warning[207] /home/bs06/e2099018/Desktop/3-2/336/Introduction-to-the-Embedded-Systems/The2.X/main.asm 180 : Found label after column 1. (left_b)
Warning[207] /home/bs06/e2099018/Desktop/3-2/336/Introduction-to-the-Embedded-Systems/The2.X/main.asm 190 : Found label after column 1. (b_first_bit_0)
Warning[207] /home/bs06/e2099018/Desktop/3-2/336/Introduction-to-the-Embedded-Systems/The2.X/main.asm 195 : Found label after column 1. (b_bit_00_11)
Warning[207] /home/bs06/e2099018/Desktop/3-2/336/Introduction-to-the-Embedded-Systems/The2.X/main.asm 199 : Found label after column 1. (b_bit_01)
Warning[207] /home/bs06/e2099018/Desktop/3-2/336/Introduction-to-the-Embedded-Systems/The2.X/main.asm 207 : Found label after column 1. (b_bit_10)
Warning[207] /home/bs06/e2099018/Desktop/3-2/336/Introduction-to-the-Embedded-Systems/The2.X/main.asm 215 : Found label after column 1. (left_c)
Warning[207] /home/bs06/e2099018/Desktop/3-2/336/Introduction-to-the-Embedded-Systems/The2.X/main.asm 225 : Found label after column 1. (c_first_bit_0)
Warning[207] /home/bs06/e2099018/Desktop/3-2/336/Introduction-to-the-Embedded-Systems/The2.X/main.asm 230 : Found label after column 1. (c_bit_00_11)
Warning[207] /home/bs06/e2099018/Desktop/3-2/336/Introduction-to-the-Embedded-Systems/The2.X/main.asm 234 : Found label after column 1. (c_bit_01)
Warning[207] /home/bs06/e2099018/Desktop/3-2/336/Introduction-to-the-Embedded-Systems/The2.X/main.asm 242 : Found label after column 1. (c_bit_10)
Warning[207] /home/bs06/e2099018/Desktop/3-2/336/Introduction-to-the-Embedded-Systems/The2.X/main.asm 250 : Found label after column 1. (left_d)
Warning[207] /home/bs06/e2099018/Desktop/3-2/336/Introduction-to-the-Embedded-Systems/The2.X/main.asm 260 : Found label after column 1. (d_first_bit_0)
Warning[207] /home/bs06/e2099018/Desktop/3-2/336/Introduction-to-the-Embedded-Systems/The2.X/main.asm 265 : Found label after column 1. (d_bit_00_11)
Warning[207] /home/bs06/e2099018/Desktop/3-2/336/Introduction-to-the-Embedded-Systems/The2.X/main.asm 269 : Found label after column 1. (d_bit_01)
Warning[207] /home/bs06/e2099018/Desktop/3-2/336/Introduction-to-the-Embedded-Systems/The2.X/main.asm 277 : Found label after column 1. (d_bit_10)
Warning[207] /home/bs06/e2099018/Desktop/3-2/336/Introduction-to-the-Embedded-Systems/The2.X/main.asm 285 : Found label after column 1. (left_e)
Warning[207] /home/bs06/e2099018/Desktop/3-2/336/Introduction-to-the-Embedded-Systems/The2.X/main.asm 295 : Found label after column 1. (moving_to_right)
Warning[207] /home/bs06/e2099018/Desktop/3-2/336/Introduction-to-the-Embedded-Systems/The2.X/main.asm 314 : Found label after column 1. (right_b)
Warning[207] /home/bs06/e2099018/Desktop/3-2/336/Introduction-to-the-Embedded-Systems/The2.X/main.asm 323 : Found label after column 1. (rb_first_bit_0)
Warning[207] /home/bs06/e2099018/Desktop/3-2/336/Introduction-to-the-Embedded-Systems/The2.X/main.asm 328 : Found label after column 1. (rb_bit_00_11)
Warning[207] /home/bs06/e2099018/Desktop/3-2/336/Introduction-to-the-Embedded-Systems/The2.X/main.asm 332 : Found label after column 1. (rb_bit_01)
Warning[207] /home/bs06/e2099018/Desktop/3-2/336/Introduction-to-the-Embedded-Systems/The2.X/main.asm 340 : Found label after column 1. (rb_bit_10)
Warning[207] /home/bs06/e2099018/Desktop/3-2/336/Introduction-to-the-Embedded-Systems/The2.X/main.asm 348 : Found label after column 1. (right_c)
Warning[207] /home/bs06/e2099018/Desktop/3-2/336/Introduction-to-the-Embedded-Systems/The2.X/main.asm 358 : Found label after column 1. (rc_first_bit_0)
Warning[207] /home/bs06/e2099018/Desktop/3-2/336/Introduction-to-the-Embedded-Systems/The2.X/main.asm 363 : Found label after column 1. (rc_bit_00_11)
Warning[207] /home/bs06/e2099018/Desktop/3-2/336/Introduction-to-the-Embedded-Systems/The2.X/main.asm 367 : Found label after column 1. (rc_bit_01)
Warning[207] /home/bs06/e2099018/Desktop/3-2/336/Introduction-to-the-Embedded-Systems/The2.X/main.asm 375 : Found label after column 1. (rc_bit_10)
Warning[207] /home/bs06/e2099018/Desktop/3-2/336/Introduction-to-the-Embedded-Systems/The2.X/main.asm 383 : Found label after column 1. (right_d)
Warning[207] /home/bs06/e2099018/Desktop/3-2/336/Introduction-to-the-Embedded-Systems/The2.X/main.asm 393 : Found label after column 1. (rd_first_bit_0)
Warning[207] /home/bs06/e2099018/Desktop/3-2/336/Introduction-to-the-Embedded-Systems/The2.X/main.asm 398 : Found label after column 1. (rd_bit_00_11)
Warning[207] /home/bs06/e2099018/Desktop/3-2/336/Introduction-to-the-Embedded-Systems/The2.X/main.asm 402 : Found label after column 1. (rd_bit_01)
Warning[207] /home/bs06/e2099018/Desktop/3-2/336/Introduction-to-the-Embedded-Systems/The2.X/main.asm 410 : Found label after column 1. (rd_bit_10)
Warning[207] /home/bs06/e2099018/Desktop/3-2/336/Introduction-to-the-Embedded-Systems/The2.X/main.asm 418 : Found label after column 1. (right_e)
Warning[207] /home/bs06/e2099018/Desktop/3-2/336/Introduction-to-the-Embedded-Systems/The2.X/main.asm 428 : Found label after column 1. (re_first_bit_0)
Warning[207] /home/bs06/e2099018/Desktop/3-2/336/Introduction-to-the-Embedded-Systems/The2.X/main.asm 433 : Found label after column 1. (re_bit_00_11)
Warning[207] /home/bs06/e2099018/Desktop/3-2/336/Introduction-to-the-Embedded-Systems/The2.X/main.asm 437 : Found label after column 1. (re_bit_01)
Warning[207] /home/bs06/e2099018/Desktop/3-2/336/Introduction-to-the-Embedded-Systems/The2.X/main.asm 445 : Found label after column 1. (re_bit_10)
Warning[207] /home/bs06/e2099018/Desktop/3-2/336/Introduction-to-the-Embedded-Systems/The2.X/main.asm 453 : Found label after column 1. (right_f)
Warning[207] /home/bs06/e2099018/Desktop/3-2/336/Introduction-to-the-Embedded-Systems/The2.X/main.asm 463 : Found label after column 1. (rf_first_bit_0)
Warning[207] /home/bs06/e2099018/Desktop/3-2/336/Introduction-to-the-Embedded-Systems/The2.X/main.asm 468 : Found label after column 1. (rf_bit_00_11)
Warning[207] /home/bs06/e2099018/Desktop/3-2/336/Introduction-to-the-Embedded-Systems/The2.X/main.asm 476 : Found label after column 1. (rf_bit_01)
Warning[207] /home/bs06/e2099018/Desktop/3-2/336/Introduction-to-the-Embedded-Systems/The2.X/main.asm 488 : Found label after column 1. (rf_bit_10)
Warning[207] /home/bs06/e2099018/Desktop/3-2/336/Introduction-to-the-Embedded-Systems/The2.X/main.asm 500 : Found label after column 1. (_end)
Warning[207] /home/bs06/e2099018/Desktop/3-2/336/Introduction-to-the-Embedded-Systems/The2.X/main.asm 504 : Found label after column 1. (no_where)
Warning[207] /home/bs06/e2099018/Desktop/3-2/336/Introduction-to-the-Embedded-Systems/The2.X/main.asm 513 : Found label after column 1. (RG1_released)
Warning[207] /home/bs06/e2099018/Desktop/3-2/336/Introduction-to-the-Embedded-Systems/The2.X/main.asm 520 : Found label after column 1. (RG1_pressed)
Warning[207] /home/bs06/e2099018/Desktop/3-2/336/Introduction-to-the-Embedded-Systems/The2.X/main.asm 525 : Found label after column 1. (RG1_end)
Warning[207] /home/bs06/e2099018/Desktop/3-2/336/Introduction-to-the-Embedded-Systems/The2.X/main.asm 529 : Found label after column 1. (RG0_released)
Warning[207] /home/bs06/e2099018/Desktop/3-2/336/Introduction-to-the-Embedded-Systems/The2.X/main.asm 536 : Found label after column 1. (RG0_pressed)
Warning[207] /home/bs06/e2099018/Desktop/3-2/336/Introduction-to-the-Embedded-Systems/The2.X/main.asm 541 : Found label after column 1. (RGA_end)
Warning[207] /home/bs06/e2099018/Desktop/3-2/336/Introduction-to-the-Embedded-Systems/The2.X/main.asm 547 : Found label after column 1. (paddle_1_led_task)
Warning[207] /home/bs06/e2099018/Desktop/3-2/336/Introduction-to-the-Embedded-Systems/The2.X/main.asm 550 : Found label after column 1. (move_paddle1_up)
Warning[207] /home/bs06/e2099018/Desktop/3-2/336/Introduction-to-the-Embedded-Systems/The2.X/main.asm 556 : Found label after column 1. (move_paddle1_down)
Warning[207] /home/bs06/e2099018/Desktop/3-2/336/Introduction-to-the-Embedded-Systems/The2.X/main.asm 563 : Found label after column 1. (move_paddle1_end)
Warning[207] /home/bs06/e2099018/Desktop/3-2/336/Introduction-to-the-Embedded-Systems/The2.X/main.asm 573 : Found label after column 1. (RG3_released)
Warning[207] /home/bs06/e2099018/Desktop/3-2/336/Introduction-to-the-Embedded-Systems/The2.X/main.asm 580 : Found label after column 1. (RG3_pressed)
Warning[207] /home/bs06/e2099018/Desktop/3-2/336/Introduction-to-the-Embedded-Systems/The2.X/main.asm 585 : Found label after column 1. (RG3_end)
Warning[207] /home/bs06/e2099018/Desktop/3-2/336/Introduction-to-the-Embedded-Systems/The2.X/main.asm 589 : Found label after column 1. (RG2_released)
Warning[207] /home/bs06/e2099018/Desktop/3-2/336/Introduction-to-the-Embedded-Systems/The2.X/main.asm 596 : Found label after column 1. (RG2_pressed)
Warning[207] /home/bs06/e2099018/Desktop/3-2/336/Introduction-to-the-Embedded-Systems/The2.X/main.asm 601 : Found label after column 1. (RGF_end)
Warning[207] /home/bs06/e2099018/Desktop/3-2/336/Introduction-to-the-Embedded-Systems/The2.X/main.asm 606 : Found label after column 1. (paddle_2_led_task)
Warning[207] /home/bs06/e2099018/Desktop/3-2/336/Introduction-to-the-Embedded-Systems/The2.X/main.asm 610 : Found label after column 1. (move_paddle2_up)
Warning[207] /home/bs06/e2099018/Desktop/3-2/336/Introduction-to-the-Embedded-Systems/The2.X/main.asm 616 : Found label after column 1. (move_paddle2_down)
Warning[207] /home/bs06/e2099018/Desktop/3-2/336/Introduction-to-the-Embedded-Systems/The2.X/main.asm 623 : Found label after column 1. (move_paddle2_end)
Warning[207] /home/bs06/e2099018/Desktop/3-2/336/Introduction-to-the-Embedded-Systems/The2.X/main.asm 657 : Found label after column 1. (right_goals)
Warning[207] /home/bs06/e2099018/Desktop/3-2/336/Introduction-to-the-Embedded-Systems/The2.X/main.asm 665 : Found label after column 1. (left_goals)
Warning[207] /home/bs06/e2099018/Desktop/3-2/336/Introduction-to-the-Embedded-Systems/The2.X/main.asm 673 : Found label after column 1. (display_end)
Warning[207] /home/bs06/e2099018/Desktop/3-2/336/Introduction-to-the-Embedded-Systems/The2.X/main.asm 696 : Found label after column 1. (loop)
Warning[205] /home/bs06/e2099018/Desktop/3-2/336/Introduction-to-the-Embedded-Systems/The2.X/main.asm 767 : Found directive in column 1. (END)
