MPASM 5.77  /HOME/EGEMEN/MPLABXPROJECTS/THE2   3-31-2018  13:36:41         PAGE  1


LOC  OBJECT CODE     LINE SOURCE TEXT
  VALUE

                      00001 #include "p18f8722.inc"
                      00001         LIST
                      00002 
                      00003 ;==========================================================================
                      00004 ; Build date : Nov 22 2017
                      00005 ;  MPASM PIC18F8722 processor include
                      00006 ; 
                      00007 ;  (c) Copyright 1999-2017 Microchip Technology, All rights reserved
                      00008 ;==========================================================================
                      00009 
                      02557         LIST
                      00002 ; CONFIG1H
                      00003   CONFIG  OSC = HSPLL, FCMEN = OFF, IESO = OFF
                      00004 ; CONFIG2L
                      00005   CONFIG  PWRT = OFF, BOREN = OFF, BORV = 3
                      00006 ; CONFIG2H
                      00007   CONFIG  WDT = OFF, WDTPS = 32768
                      00008 ; CONFIG3L
                      00009   CONFIG  MODE = MC, ADDRBW = ADDR20BIT, DATABW = DATA16BIT, WAIT = OFF
                      00010 ; CONFIG3H
                      00011   CONFIG  CCP2MX = PORTC, ECCPMX = PORTE, LPT1OSC = OFF, MCLRE = ON
                      00012 ; CONFIG4L
                      00013   CONFIG  STVREN = ON, LVP = OFF, BBSIZ = BB2K, XINST = OFF
                      00014 ; CONFIG5L
                      00015   CONFIG  CP0 = OFF, CP1 = OFF, CP2 = OFF, CP3 = OFF, CP4 = OFF, CP5 = OFF
                      00016   CONFIG  CP6 = OFF, CP7 = OFF
                      00017 ; CONFIG5H
                      00018   CONFIG  CPB = OFF, CPD = OFF
                      00019 ; CONFIG6L
                      00020   CONFIG  WRT0 = OFF, WRT1 = OFF, WRT2 = OFF, WRT3 = OFF, WRT4 = OFF
                      00021   CONFIG  WRT5 = OFF, WRT6 = OFF, WRT7 = OFF
                      00022 ; CONFIG6H
                      00023   CONFIG  WRTC = OFF, WRTB = OFF, WRTD = OFF
                      00024 ; CONFIG7L
                      00025   CONFIG  EBTR0 = OFF, EBTR1 = OFF, EBTR2 = OFF, EBTR3 = OFF, EBTR4 = OFF
                      00026   CONFIG  EBTR5 = OFF, EBTR6 = OFF, EBTR7 = OFF
                      00027 ; CONFIG7H
                      00028   CONFIG  EBTRB = OFF
                      00029 
                      00030 ; TODO INSERT ISR HERE
Warning[205]: Found directive in column 1. (UDATA_ACS)
                      00031 UDATA_ACS   
000000                00032 s_1_up res 1 ; button_state_for_player_1 up
000001                00033 s_1_down res 1 ; button_state_for_player_1 down
000002                00034 s_2_up res 1 ; button_state_for_player_2 up
000003                00035 s_2_down res 1 ; button_state_for_player_2 down
000004                00036 move_up_1 res 1; Toggle flag to move the paddle1 up
000005                00037 move_down_1 res 1;  Toggle flag to move the paddle1 down
000006                00038 move_up_2 res 1; Toggle flag to move the paddle2 up
000007                00039 move_down_2 res 1;Toggle flag to move the paddle2 down
                      00040   
                      00041 RES_VECT  CODE    0x0000            ; processor reset vector
000000 EF?? F???      00042     GOTO    START                   ; go to beginning of program
MPASM 5.77  /HOME/EGEMEN/MPLABXPROJECTS/THE2   3-31-2018  13:36:41         PAGE  2


LOC  OBJECT CODE     LINE SOURCE TEXT
  VALUE

                      00043 
Warning[205]: Found directive in column 1. (ORG)
                      00044 ORG 0X008
000008 EF?? F???      00045     GOTO HIGH_ISR
                      00046     
                      00047 ;*******************************************************************************
                      00048 ; MAIN PROGRAM
                      00049 ;*******************************************************************************         
                      00050 
00000C                00051 HIGH_ISR:
00000C 0010           00052     retfie
                      00053     
00000E                00054 START
00000E EC?? F???      00055     call INIT    
                      00056 
000012                00057 main:
000012 EC?? F???      00058     call paddle_1
000016 EC?? F???      00059     call paddle_2
00001A EF?? F???      00060     goto main
                      00061 
                      00062 ; CHECK WHETHER THE BUTTONS RG1 AND RG0 IS PRESSED    
00001E                00063 paddle_1: 
                      00064     ;CHECK RG1 IS PRESSED
00001E B0??           00065     btfsc s_1_up,0
000020 D???           00066     bra RG1_pressed
Warning[207]: Found label after column 1. (RG1_released)
000022                00067     RG1_released: ; IT WAS NOT PRESSED
000022 A286           00068         btfss PORTG,1 ; IT IS NOW PRESSED ?
000024 D???           00069         bra RG1_end
000026 80??           00070         bsf move_up_1,0
000028 80??           00071         bsf s_1_up,0
00002A D???           00072         bra RG1_end
                      00073     
Warning[207]: Found label after column 1. (RG1_pressed)
00002C                00074     RG1_pressed: ; IT WAS PRESSED
00002C B286           00075         btfsc PORTG,1 ; IT IS NOW RELEASED ?
00002E D???           00076         bra RG1_end
000030 90??           00077         bcf s_1_up,0
                      00078         
Warning[207]: Found label after column 1. (RG1_end)
000032                00079     RG1_end:
                      00080     ;CHECK RG0 IS PRESSED
000032 B0??           00081     btfsc s_1_down,0
000034 D???           00082     bra RG0_pressed
                      00083     
Warning[207]: Found label after column 1. (RG0_released)
000036                00084     RG0_released: ; IN THE PREVIOUS STATE RG0 IS NOT PRESSED
000036 A086           00085         btfss PORTG,0
000038 D???           00086         bra RGA_end
00003A 80??           00087         bsf move_down_1,0
00003C 80??           00088         bsf s_1_down,0
00003E D???           00089         bra RGA_end
                      00090     
MPASM 5.77  /HOME/EGEMEN/MPLABXPROJECTS/THE2   3-31-2018  13:36:41         PAGE  3


LOC  OBJECT CODE     LINE SOURCE TEXT
  VALUE

Warning[207]: Found label after column 1. (RG0_pressed)
000040                00091     RG0_pressed:  ; IN THE PREVIOUS STATE RG0 IS  PRESSED
000040 B086           00092         btfsc PORTG,0
000042 D???           00093         bra RGA_end
000044 90??           00094         bcf s_1_down,0
                      00095         
Warning[207]: Found label after column 1. (RGA_end)
000046                00096     RGA_end:
                      00097     
000046 EC?? F???      00098     call paddle_1_led_task ; MOVE THE PADDLE UP OR DOWN
                      00099     
00004A 0012           00100     return 
                      00101 
Warning[207]: Found label after column 1. (paddle_1_led_task)
00004C                00102     paddle_1_led_task:            ;MOVE THE PADDLE1 ACCORDING TO THE FLAGS
00004C A0??           00103         btfss move_up_1, 0
00004E EF?? F???      00104         goto  move_paddle1_down   ; MOVE UP FLAG IS NOT SET CHECK THE DOWN
Warning[207]: Found label after column 1. (move_paddle1_up)
000052                00105         move_paddle1_up:
000052 B080           00106             btfsc PORTA, 0
000054 EF?? F???      00107             goto  move_paddle1_end; PADDLE CANNOT MOVE UP FURTHER
000058 4280           00108             rrncf PORTA           ; MOVE THE PADDLE UP
00005A EF?? F???      00109             goto  move_paddle1_end
                      00110             
Warning[207]: Found label after column 1. (move_paddle1_down)
00005E                00111         move_paddle1_down:
00005E A0??           00112             btfss move_down_1,0  ; CHECK WHETHER THE DOWN FLAG IS SET
000060 EF?? F???      00113             goto  move_paddle1_end
000064 BA80           00114             btfsc PORTA, 5       ; PADDLE1 CANNOT MOVE DOWN FURTHER
000066 EF?? F???      00115             goto  move_paddle1_end
00006A 4680           00116             rlncf PORTA          ; MOVE THE PADDLE DOWN
                      00117 
Warning[207]: Found label after column 1. (move_paddle1_end)
00006C                00118         move_paddle1_end:
00006C 90??           00119             bcf   move_down_1, 0 ; WE CLEAR UP_DOWN FLAGS SO THAT WE WILL WAIT ANOTHER PRESS TO MOVE UP 
                            OR DOWN
00006E 90??           00120             bcf   move_up_1, 0   ; WE WILL IGNORE THE PREVIOUS RG1(UP) PRESS
000070 0012           00121             return
                      00122             
                      00123 ; CHECK WHETHER THE BUTTONS RG3 AND RG2 IS PRESSED      
000072                00124 paddle_2:
                      00125     ;CHECK RG3 IS PRESSED
000072 B0??           00126     btfsc s_2_up,0
000074 D???           00127     bra RG3_pressed
Warning[207]: Found label after column 1. (RG3_released)
000076                00128     RG3_released:
000076 A686           00129         btfss PORTG,3
000078 D???           00130         bra RG3_end
00007A 80??           00131         bsf move_up_2,0
00007C 80??           00132         bsf s_2_up,0
00007E D???           00133         bra RG3_end
                      00134     
Warning[207]: Found label after column 1. (RG3_pressed)
MPASM 5.77  /HOME/EGEMEN/MPLABXPROJECTS/THE2   3-31-2018  13:36:41         PAGE  4


LOC  OBJECT CODE     LINE SOURCE TEXT
  VALUE

000080                00135     RG3_pressed:
000080 B686           00136         btfsc PORTG,3
000082 D???           00137         bra RG3_end
000084 90??           00138         bcf s_2_up,0 ; RG3 IS RELEASED SO STATE FOR RG3 = 0
                      00139         
Warning[207]: Found label after column 1. (RG3_end)
000086                00140     RG3_end:
                      00141     ;CHECK RG2 IS PRESSED
000086 B0??           00142     btfsc s_2_down,0
000088 D???           00143     bra RG2_pressed
                      00144     
Warning[207]: Found label after column 1. (RG2_released)
00008A                00145     RG2_released: ; IN THE PREVIOUS STATE RG2 IS NOT PRESSED
00008A A486           00146         btfss PORTG,2
00008C D???           00147         bra RGF_end
00008E 80??           00148         bsf move_down_2,0
000090 80??           00149         bsf s_2_down,0
000092 D???           00150         bra RGF_end
                      00151     
Warning[207]: Found label after column 1. (RG2_pressed)
000094                00152     RG2_pressed:  ; IN THE PREVIOUS STATE RG2 IS  PRESSED
000094 B486           00153         btfsc PORTG,2
000096 D???           00154         bra RGF_end
000098 90??           00155         bcf s_2_down,0 ; RG2 IS RELEASED SO STATE=0
                      00156         
Warning[207]: Found label after column 1. (RGF_end)
00009A                00157     RGF_end:
                      00158     
00009A EC?? F???      00159     call paddle_2_led_task ; MOVE THE PADDLE UP OR DOWN
                      00160     
00009E 0012           00161     return 
                      00162 
Warning[207]: Found label after column 1. (paddle_2_led_task)
0000A0                00163     paddle_2_led_task: ;MOVE THE PADDLE2 ACCORDING TO THE FLAGS
0000A0 A0??           00164         btfss move_up_2, 0
0000A2 EF?? F???      00165         goto  move_paddle2_down ; MOVE UP FLAG IS NOT SET, CHECK THE DOWN
Warning[207]: Found label after column 1. (move_paddle2_up)
0000A6                00166         move_paddle2_up:
0000A6 B085           00167             btfsc PORTF, 0
0000A8 EF?? F???      00168             goto  move_paddle2_end;  PADDLE CANNOT MOVE UP FURTHER
0000AC 4285           00169             rrncf PORTF ; MOVE THE PADDLE UP
0000AE EF?? F???      00170             goto  move_paddle2_end
                      00171             
Warning[207]: Found label after column 1. (move_paddle2_down)
0000B2                00172         move_paddle2_down:
0000B2 A0??           00173             btfss move_down_2,0 ; CHECK WHETHER THE DOWN FLAG IS SET
0000B4 EF?? F???      00174             goto  move_paddle2_end
0000B8 BA85           00175             btfsc PORTF, 5       ; PADDLE CANNOT MOVE DOWN FURTHER
0000BA EF?? F???      00176             goto  move_paddle2_end
0000BE 4685           00177             rlncf PORTF         ; MOVE THE PADDLE DOWN
                      00178             
Warning[207]: Found label after column 1. (move_paddle2_end)
0000C0                00179         move_paddle2_end:
MPASM 5.77  /HOME/EGEMEN/MPLABXPROJECTS/THE2   3-31-2018  13:36:41         PAGE  5


LOC  OBJECT CODE     LINE SOURCE TEXT
  VALUE

0000C0 90??           00180             bcf   move_up_2, 0   ; WE CLEAR UP_DOWN FLAGS SO THAT WE WILL WAIT ANOTHER PRESS TO MOVE UP 
                            OR DOWN
0000C2 90??           00181             bcf   move_down_2, 0 ; WE WILL IGNORE THE PREVIOUS RG2 PRESS
0000C4 0012           00182             return
                      00183             
0000C6                00184 INIT
0000C6 0E0F           00185     MOVLW   b'00001111'
0000C8 6E98           00186     MOVWF   TRISG ; MAKE RG0-RG1-RG2-RG3 PORTS(PINS) INPUT
0000CA 6A92           00187     CLRF    TRISA  ; MAKE PORTA AS OUTPUT
0000CC 6A97           00188     CLRF    TRISF  ; MAKE PORTF AS OUTPUT
0000CE 6AF2           00189     CLRF    INTCON ; 
0000D0 8EF2           00190     BSF     INTCON,7; ENABLE INTERRUPTS
0000D2 0E0F           00191     MOVLW   0X0F
0000D4 6EC1           00192     MOVWF   ADCON1 ; MAKE PORTA DIGITAL OUTPUT
0000D6 0E1C           00193     movlw   b'00011100' ; TURN ON THE FIRST LEDS
0000D8 6E80           00194     movwf   PORTA
0000DA 6E85           00195     movwf   PORTF
0000DC 6A??           00196     CLRF    s_1_up   
0000DE 6A??           00197     CLRF    s_2_up   
0000E0 6A??           00198     CLRF    s_1_down 
0000E2 6A??           00199     CLRF    s_2_down
0000E4 6A??           00200     CLRF    move_up_1
0000E6 6A??           00201     CLRF    move_down_1
0000E8 6A??           00202     CLRF    move_up_2
0000EA 6A??           00203     CLRF    move_down_2
0000EC 0012           00204     return
                      00205     
                      00206     END
MPASM 5.77  /HOME/EGEMEN/MPLABXPROJECTS/THE2   3-31-2018  13:36:41         PAGE  6


SYMBOL TABLE
  LABEL                             VALUE 

A                                 00000000
A16                               00000000
A17                               00000001
A18                               00000002
A19                               00000003
ABDEN                             00000000
ABDEN1                            00000000
ABDEN2                            00000000
ABDOVF                            00000007
ABDOVF1                           00000007
ABDOVF2                           00000007
ACCESS                            00000000
ACKDT                             00000005
ACKDT2                            00000005
ACKEN                             00000004
ACKEN2                            00000004
ACKSTAT                           00000006
ACKSTAT2                          00000006
ACQT0                             00000003
ACQT1                             00000004
ACQT2                             00000005
AD0                               00000000
AD1                               00000001
AD10                              00000002
AD11                              00000003
AD12                              00000004
AD13                              00000005
AD14                              00000006
AD15                              00000007
AD2                               00000002
AD3                               00000003
AD4                               00000004
AD5                               00000005
AD6                               00000006
AD7                               00000007
AD8                               00000000
AD9                               00000001
ADCON0                            00000FC2
ADCON1                            00000FC1
ADCON2                            00000FC0
ADCS0                             00000000
ADCS1                             00000001
ADCS2                             00000002
ADDEN                             00000003
ADDEN1                            00000003
ADDEN2                            00000003
ADFM                              00000007
ADIE                              00000006
ADIF                              00000006
ADIP                              00000006
ADON                              00000000
ADRES                             00000FC3
ADRESH                            00000FC4
MPASM 5.77  /HOME/EGEMEN/MPLABXPROJECTS/THE2   3-31-2018  13:36:41         PAGE  7


SYMBOL TABLE
  LABEL                             VALUE 

ADRESL                            00000FC3
ALE                               00000000
AN0                               00000000
AN1                               00000001
AN10                              00000005
AN11                              00000006
AN12                              00000004
AN13                              00000005
AN14                              00000006
AN15                              00000007
AN2                               00000002
AN3                               00000003
AN4                               00000005
AN5                               00000000
AN6                               00000001
AN7                               00000002
AN8                               00000003
AN9                               00000004
BA0                               00000004
BANKED                            00000001
BAUDCON                           00000F7E
BAUDCON1                          00000F7E
BAUDCON2                          00000F7C
BCL1IE                            00000003
BCL1IF                            00000003
BCL1IP                            00000003
BCL2IE                            00000006
BCL2IF                            00000006
BCL2IP                            00000006
BCLIE                             00000003
BCLIF                             00000003
BCLIP                             00000003
BF                                00000000
BF2                               00000000
BGST                              00000005
BOR                               00000000
BRG16                             00000003
BRG161                            00000003
BRG162                            00000003
BRGH                              00000002
BRGH1                             00000002
BRGH2                             00000002
BSR                               00000FE0
C                                 00000000
C1INV                             00000004
C1OUT_CMCON                       00000006
C1OUT_PORTF                       00000002
C2INV                             00000005
C2OUT_CMCON                       00000007
C2OUT_PORTF                       00000001
CCP1                              00000002
CCP1CON                           00000FBD
CCP1IE                            00000002
MPASM 5.77  /HOME/EGEMEN/MPLABXPROJECTS/THE2   3-31-2018  13:36:41         PAGE  8


SYMBOL TABLE
  LABEL                             VALUE 

CCP1IF                            00000002
CCP1IP                            00000002
CCP1M0                            00000000
CCP1M1                            00000001
CCP1M2                            00000002
CCP1M3                            00000003
CCP1X                             00000005
CCP1Y                             00000004
CCP2CON                           00000FBA
CCP2IE                            00000000
CCP2IF                            00000000
CCP2IP                            00000000
CCP2M0                            00000000
CCP2M1                            00000001
CCP2M2                            00000002
CCP2M3                            00000003
CCP2X                             00000005
CCP2Y                             00000004
CCP2_PORTB                        00000003
CCP2_PORTC                        00000001
CCP2_PORTE                        00000007
CCP3                              00000000
CCP3CON                           00000FB7
CCP3IE                            00000000
CCP3IF                            00000000
CCP3IP                            00000000
CCP3M0                            00000000
CCP3M1                            00000001
CCP3M2                            00000002
CCP3M3                            00000003
CCP3X                             00000005
CCP3Y                             00000004
CCP4                              00000003
CCP4CON                           00000F73
CCP4IE                            00000001
CCP4IF                            00000001
CCP4IP                            00000001
CCP4M0                            00000000
CCP4M1                            00000001
CCP4M2                            00000002
CCP4M3                            00000003
CCP5                              00000004
CCP5CON                           00000F70
CCP5IE                            00000002
CCP5IF                            00000002
CCP5IP                            00000002
CCP5M0                            00000000
CCP5M1                            00000001
CCP5M2                            00000002
CCP5M3                            00000003
CCPR1                             00000FBE
CCPR1H                            00000FBF
CCPR1L                            00000FBE
MPASM 5.77  /HOME/EGEMEN/MPLABXPROJECTS/THE2   3-31-2018  13:36:41         PAGE  9


SYMBOL TABLE
  LABEL                             VALUE 

CCPR2                             00000FBB
CCPR2H                            00000FBC
CCPR2L                            00000FBB
CCPR3                             00000FB8
CCPR3H                            00000FB9
CCPR3L                            00000FB8
CCPR4                             00000F74
CCPR4H                            00000F75
CCPR4L                            00000F74
CCPR5                             00000F71
CCPR5H                            00000F72
CCPR5L                            00000F71
CE                                00000005
CFGS                              00000006
CHS0                              00000002
CHS1                              00000003
CHS2                              00000004
CHS3                              00000005
CIS                               00000003
CK                                00000006
CK1                               00000006
CK2                               00000001
CKE                               00000006
CKE2                              00000006
CKP                               00000004
CKP2                              00000004
CM0                               00000000
CM1                               00000001
CM2                               00000002
CMCON                             00000FB4
CMIE                              00000006
CMIF                              00000006
CMIP                              00000006
CREN                              00000004
CREN1                             00000004
CREN2                             00000004
CS                                00000002
CSRC                              00000007
CSRC1                             00000007
CSRC2                             00000007
CVR0                              00000000
CVR1                              00000001
CVR2                              00000002
CVR3                              00000003
CVRCON                            00000FB5
CVREF                             00000005
CVREN                             00000007
CVROE                             00000006
CVRR                              00000005
CVRSS                             00000004
D                                 00000005
DA2                               00000005
DATA_ADDRESS                      00000005
MPASM 5.77  /HOME/EGEMEN/MPLABXPROJECTS/THE2   3-31-2018  13:36:41         PAGE 10


SYMBOL TABLE
  LABEL                             VALUE 

DC                                00000001
DC1B0                             00000004
DC1B1                             00000005
DC2B0                             00000004
DC2B1                             00000005
DC3B0                             00000004
DC3B1                             00000005
DC4B0                             00000004
DC4B1                             00000005
DC5B0                             00000004
DC5B1                             00000005
DCCP4X                            00000005
DCCP4Y                            00000004
DCCP5X                            00000005
DCCP5Y                            00000004
DDRA                              TRISA
DDRB                              TRISB
DDRC                              TRISC
DDRD                              TRISD
DDRE                              TRISE
DDRF                              00000F97
DDRG                              00000F98
DDRH                              00000F99
DDRJ                              00000F9A
DONE                              00000001
DT1                               00000007
DT2                               00000002
D_A                               00000005
D_NOT_A                           00000005
EBDIS                             00000007
ECCP1                             00000002
ECCP1AS                           00000FB6
ECCP1AS0                          00000004
ECCP1AS1                          00000005
ECCP1AS2                          00000006
ECCP1ASE                          00000007
ECCP1CON                          00000FBD
ECCP1DEL                          00000F79
ECCP2AS                           00000F68
ECCP2AS0                          00000004
ECCP2AS1                          00000005
ECCP2AS2                          00000006
ECCP2ASE                          00000007
ECCP2CON                          00000FBA
ECCP2DEL                          00000F67
ECCP2_PORTB                       00000003
ECCP2_PORTC                       00000001
ECCP2_PORTE                       00000007
ECCP3                             00000000
ECCP3AS                           00000F6A
ECCP3AS0                          00000004
ECCP3AS1                          00000005
ECCP3AS2                          00000006
MPASM 5.77  /HOME/EGEMEN/MPLABXPROJECTS/THE2   3-31-2018  13:36:41         PAGE 11


SYMBOL TABLE
  LABEL                             VALUE 

ECCP3ASE                          00000007
ECCP3CON                          00000FB7
ECCP3DEL                          00000F69
ECCPAS0                           00000004
ECCPAS1                           00000005
ECCPAS2                           00000006
ECCPASE                           00000007
EEADR                             00000FA9
EEADRH                            00000FAA
EECON1                            00000FA6
EECON2                            00000FA7
EEDATA                            00000FA8
EEIE                              00000004
EEIF                              00000004
EEIP                              00000004
EEPGD                             00000007
FAST                              00000001
FERR                              00000002
FERR1                             00000002
FERR2                             00000002
FLT0                              00000000
FLTS                              00000002
FREE                              00000004
FSR0                              00000000
FSR0H                             00000FEA
FSR0L                             00000FE9
FSR1                              00000001
FSR1H                             00000FE2
FSR1L                             00000FE1
FSR2                              00000002
FSR2H                             00000FDA
FSR2L                             00000FD9
GCEN                              00000007
GCEN2                             00000007
GIE                               00000007
GIEH                              00000007
GIEL                              00000006
GIE_GIEH                          00000007
GO                                00000001
GO_DONE                           00000001
GO_NOT_DONE                       00000001
HIGH_ISR                          0000000C
HLVDCON                           00000FD2
HLVDEN                            00000004
HLVDIE                            00000002
HLVDIF                            00000002
HLVDIN                            00000005
HLVDIP                            00000002
HLVDL0                            00000000
HLVDL1                            00000001
HLVDL2                            00000002
HLVDL3                            00000003
I2C_DAT                           00000005
MPASM 5.77  /HOME/EGEMEN/MPLABXPROJECTS/THE2   3-31-2018  13:36:41         PAGE 12


SYMBOL TABLE
  LABEL                             VALUE 

I2C_READ                          00000002
I2C_START                         00000003
I2C_STOP                          00000004
IBF                               00000007
IBOV                              00000005
IDLEN                             00000007
INDF0                             00000FEF
INDF1                             00000FE7
INDF2                             00000FDF
INIT                              000000C6
INT0                              00000000
INT0E                             00000004
INT0F                             00000001
INT0IE                            00000004
INT0IF                            00000001
INT1                              00000001
INT1E                             00000003
INT1F                             00000000
INT1IE                            00000003
INT1IF                            00000000
INT1IP                            00000006
INT1P                             00000006
INT2                              00000002
INT2E                             00000004
INT2F                             00000001
INT2IE                            00000004
INT2IF                            00000001
INT2IP                            00000007
INT2P                             00000007
INT3                              00000003
INT3E                             00000005
INT3F                             00000002
INT3IE                            00000005
INT3IF                            00000002
INT3IP                            00000001
INT3P                             00000001
INTCON                            00000FF2
INTCON2                           00000FF1
INTCON3                           00000FF0
INTEDG0                           00000006
INTEDG1                           00000005
INTEDG2                           00000004
INTEDG3                           00000003
INTSRC                            00000007
IOFS                              00000002
IPEN                              00000007
IPR1                              00000F9F
IPR2                              00000FA2
IPR3                              00000FA5
IRCF0                             00000004
IRCF1                             00000005
IRCF2                             00000006
IRVST                             00000005
MPASM 5.77  /HOME/EGEMEN/MPLABXPROJECTS/THE2   3-31-2018  13:36:41         PAGE 13


SYMBOL TABLE
  LABEL                             VALUE 

IVRST                             00000005
KBI0                              00000004
KBI1                              00000005
KBI2                              00000006
KBI3                              00000007
LATA                              00000F89
LATA0                             00000000
LATA1                             00000001
LATA2                             00000002
LATA3                             00000003
LATA4                             00000004
LATA5                             00000005
LATA6                             00000006
LATA7                             00000007
LATB                              00000F8A
LATB0                             00000000
LATB1                             00000001
LATB2                             00000002
LATB3                             00000003
LATB4                             00000004
LATB5                             00000005
LATB6                             00000006
LATB7                             00000007
LATC                              00000F8B
LATC0                             00000000
LATC1                             00000001
LATC2                             00000002
LATC3                             00000003
LATC4                             00000004
LATC5                             00000005
LATC6                             00000006
LATC7                             00000007
LATD                              00000F8C
LATD0                             00000000
LATD1                             00000001
LATD2                             00000002
LATD3                             00000003
LATD4                             00000004
LATD5                             00000005
LATD6                             00000006
LATD7                             00000007
LATE                              00000F8D
LATE0                             00000000
LATE1                             00000001
LATE2                             00000002
LATE3                             00000003
LATE4                             00000004
LATE5                             00000005
LATE6                             00000006
LATE7                             00000007
LATF                              00000F8E
LATF0                             00000000
LATF1                             00000001
MPASM 5.77  /HOME/EGEMEN/MPLABXPROJECTS/THE2   3-31-2018  13:36:41         PAGE 14


SYMBOL TABLE
  LABEL                             VALUE 

LATF2                             00000002
LATF3                             00000003
LATF4                             00000004
LATF5                             00000005
LATF6                             00000006
LATF7                             00000007
LATG                              00000F8F
LATG0                             00000000
LATG1                             00000001
LATG2                             00000002
LATG3                             00000003
LATG4                             00000004
LATG5                             00000005
LATH                              00000F90
LATH0                             00000000
LATH1                             00000001
LATH2                             00000002
LATH3                             00000003
LATH4                             00000004
LATH5                             00000005
LATH6                             00000006
LATH7                             00000007
LATJ                              00000F91
LATJ0                             00000000
LATJ1                             00000001
LATJ2                             00000002
LATJ3                             00000003
LATJ4                             00000004
LATJ5                             00000005
LATJ6                             00000006
LATJ7                             00000007
LB                                00000006
LVDCON                            00000FD2
LVDEN                             00000004
LVDIE                             00000002
LVDIF                             00000002
LVDIN                             00000005
LVDIP                             00000002
LVDL0                             00000000
LVDL1                             00000001
LVDL2                             00000002
LVDL3                             00000003
LVV0                              00000000
LVV1                              00000001
LVV2                              00000002
LVV3                              00000003
MCLR                              00000005
MEMCON                            00000F9C
N                                 00000004
NOT_A                             00000005
NOT_ADDRESS                       00000005
NOT_BOR                           00000000
NOT_CE                            00000005
MPASM 5.77  /HOME/EGEMEN/MPLABXPROJECTS/THE2   3-31-2018  13:36:41         PAGE 15


SYMBOL TABLE
  LABEL                             VALUE 

NOT_CS                            00000002
NOT_DONE                          00000001
NOT_LB                            00000006
NOT_MCLR                          00000005
NOT_OE                            00000001
NOT_PD                            00000002
NOT_POR                           00000001
NOT_RBPU                          00000007
NOT_RC8                           00000006
NOT_RD                            00000000
NOT_RI                            00000004
NOT_SS1                           00000007
NOT_SS2                           00000007
NOT_T1SYNC                        00000002
NOT_T3SYNC                        00000002
NOT_TO                            00000003
NOT_TX8                           00000006
NOT_UB                            00000007
NOT_W                             00000002
NOT_WR                            00000001
NOT_WRH                           00000003
NOT_WRITE                         00000002
NOT_WRL                           00000002
OBF                               00000006
OE                                00000001
OERR                              00000001
OERR1                             00000001
OERR2                             00000001
OSCCON                            00000FD3
OSCFIE                            00000007
OSCFIF                            00000007
OSCFIP                            00000007
OSCTUNE                           00000F9B
OSTS                              00000003
OV                                00000003
P                                 00000004
P1A                               00000002
P1B_PORTE                         00000006
P1B_PORTH                         00000007
P1C_PORTE                         00000005
P1C_PORTH                         00000006
P1D                               00000004
P1DC0                             00000000
P1DC1                             00000001
P1DC2                             00000002
P1DC3                             00000003
P1DC4                             00000004
P1DC5                             00000005
P1DC6                             00000006
P1M0                              00000006
P1M1                              00000007
P1RSEN                            00000007
P2A_PORTB                         00000003
MPASM 5.77  /HOME/EGEMEN/MPLABXPROJECTS/THE2   3-31-2018  13:36:41         PAGE 16


SYMBOL TABLE
  LABEL                             VALUE 

P2A_PORTC                         00000001
P2A_PORTE                         00000007
P2B                               00000002
P2C                               00000001
P2D                               00000000
P2DC0                             00000000
P2DC1                             00000001
P2DC2                             00000002
P2DC3                             00000003
P2DC4                             00000004
P2DC5                             00000005
P2DC6                             00000006
P2M0                              00000006
P2M1                              00000007
P2RSEN                            00000007
P3A                               00000000
P3B_PORTE                         00000004
P3B_PORTH                         00000005
P3C_PORTE                         00000003
P3C_PORTH                         00000004
P3D                               00000003
P3DC0                             00000000
P3DC1                             00000001
P3DC2                             00000002
P3DC3                             00000003
P3DC4                             00000004
P3DC5                             00000005
P3DC6                             00000006
P3M0                              00000006
P3M1                              00000007
P3RSEN                            00000007
PC                                00000FF9
PCFG0                             00000000
PCFG1                             00000001
PCFG2                             00000002
PCFG3                             00000003
PCL                               00000FF9
PCLATH                            00000FFA
PCLATU                            00000FFB
PD                                00000002
PDC0                              00000000
PDC1                              00000001
PDC2                              00000002
PDC3                              00000003
PDC4                              00000004
PDC5                              00000005
PDC6                              00000006
PEIE                              00000006
PEIE_GIEL                         00000006
PEN                               00000002
PEN2                              00000002
PIE1                              00000F9D
PIE2                              00000FA0
MPASM 5.77  /HOME/EGEMEN/MPLABXPROJECTS/THE2   3-31-2018  13:36:41         PAGE 17


SYMBOL TABLE
  LABEL                             VALUE 

PIE3                              00000FA3
PIR1                              00000F9E
PIR2                              00000FA1
PIR3                              00000FA4
PLLEN                             00000006
PLUSW0                            00000FEB
PLUSW1                            00000FE3
PLUSW2                            00000FDB
POR                               00000001
PORTA                             00000F80
PORTB                             00000F81
PORTC                             00000F82
PORTD                             00000F83
PORTE                             00000F84
PORTF                             00000F85
PORTG                             00000F86
PORTH                             00000F87
PORTJ                             00000F88
POSTDEC0                          00000FED
POSTDEC1                          00000FE5
POSTDEC2                          00000FDD
POSTINC0                          00000FEE
POSTINC1                          00000FE6
POSTINC2                          00000FDE
PR2                               00000FCB
PR4                               00000F77
PREINC0                           00000FEC
PREINC1                           00000FE4
PREINC2                           00000FDC
PROD                              00000FF3
PRODH                             00000FF4
PRODL                             00000FF3
PRSEN                             00000007
PSA                               00000003
PSP0                              00000000
PSP1                              00000001
PSP2                              00000002
PSP3                              00000003
PSP4                              00000004
PSP5                              00000005
PSP6                              00000006
PSP7                              00000007
PSPCON                            00000FB0
PSPIE                             00000007
PSPIF                             00000007
PSPIP                             00000007
PSPMODE                           00000004
PSS1AC0                           00000002
PSS1AC1                           00000003
PSS1BD0                           00000000
PSS1BD1                           00000001
PSS2AC0                           00000002
PSS2AC1                           00000003
MPASM 5.77  /HOME/EGEMEN/MPLABXPROJECTS/THE2   3-31-2018  13:36:41         PAGE 18


SYMBOL TABLE
  LABEL                             VALUE 

PSS2BD0                           00000000
PSS2BD1                           00000001
PSS3AC0                           00000002
PSS3AC1                           00000003
PSS3BD0                           00000000
PSS3BD1                           00000001
PSSAC0                            00000002
PSSAC1                            00000003
PSSBD0                            00000000
PSSBD1                            00000001
R                                 00000002
RA0                               00000000
RA1                               00000001
RA2                               00000002
RA3                               00000003
RA4                               00000004
RA5                               00000005
RA6                               00000006
RA7                               00000007
RB0                               00000000
RB1                               00000001
RB2                               00000002
RB3                               00000003
RB4                               00000004
RB5                               00000005
RB6                               00000006
RB7                               00000007
RBIE                              00000003
RBIF                              00000000
RBIP                              00000000
RBPU                              00000007
RC0                               00000000
RC1                               00000001
RC1IE                             00000005
RC1IF                             00000005
RC1IP                             00000005
RC2                               00000002
RC2IE                             00000005
RC2IF                             00000005
RC2IP                             00000005
RC3                               00000003
RC4                               00000004
RC5                               00000005
RC6                               00000006
RC7                               00000007
RC8_9                             00000006
RC9                               00000006
RCD8                              00000000
RCEN                              00000003
RCEN2                             00000003
RCIDL                             00000006
RCIDL1                            00000006
RCIDL2                            00000006
MPASM 5.77  /HOME/EGEMEN/MPLABXPROJECTS/THE2   3-31-2018  13:36:41         PAGE 19


SYMBOL TABLE
  LABEL                             VALUE 

RCIE                              00000005
RCIF                              00000005
RCIP                              00000005
RCMT                              00000006
RCON                              00000FD0
RCREG                             00000FAE
RCREG1                            00000FAE
RCREG2                            00000F6E
RCSTA                             00000FAB
RCSTA1                            00000FAB
RCSTA2                            00000F6B
RD                                00000000
RD0                               00000000
RD1                               00000001
RD16                              00000007
RD2                               00000002
RD3                               00000003
RD4                               00000004
RD5                               00000005
RD6                               00000006
RD7                               00000007
RE0                               00000000
RE1                               00000001
RE2                               00000002
RE3                               00000003
RE4                               00000004
RE5                               00000005
RE6                               00000006
RE7                               00000007
READ_WRITE                        00000002
RF0                               00000000
RF1                               00000001
RF2                               00000002
RF3                               00000003
RF4                               00000004
RF5                               00000005
RF6                               00000006
RF7                               00000007
RG0                               00000000
RG0_pressed                       00000040
RG0_released                      00000036
RG1                               00000001
RG1_end                           00000032
RG1_pressed                       0000002C
RG1_released                      00000022
RG2                               00000002
RG2_pressed                       00000094
RG2_released                      0000008A
RG3                               00000003
RG3_end                           00000086
RG3_pressed                       00000080
RG3_released                      00000076
RG4                               00000004
MPASM 5.77  /HOME/EGEMEN/MPLABXPROJECTS/THE2   3-31-2018  13:36:41         PAGE 20


SYMBOL TABLE
  LABEL                             VALUE 

RG5                               00000005
RGA_end                           00000046
RGF_end                           0000009A
RH0                               00000000
RH1                               00000001
RH2                               00000002
RH3                               00000003
RH4                               00000004
RH5                               00000005
RH6                               00000006
RH7                               00000007
RI                                00000004
RJ0                               00000000
RJ1                               00000001
RJ2                               00000002
RJ3                               00000003
RJ4                               00000004
RJ5                               00000005
RJ6                               00000006
RJ7                               00000007
RSEN                              00000001
RSEN2                             00000001
RW2                               00000002
RX                                00000007
RX1                               00000007
RX2                               00000002
RX9                               00000006
RX91                              00000006
RX92                              00000006
RX9D                              00000000
RX9D1                             00000000
RX9D2                             00000000
R_NOT_W                           00000002
R_W                               00000002
S                                 00000003
SBOREN                            00000006
SCK                               00000003
SCK1                              00000003
SCK2                              00000006
SCKP                              00000004
SCKP1                             00000004
SCKP2                             00000004
SCL                               00000003
SCL1                              00000003
SCL2                              00000006
SCS0                              00000000
SCS1                              00000001
SDA                               00000004
SDA1                              00000004
SDA2                              00000005
SDI                               00000004
SDI1                              00000004
SDI2                              00000005
MPASM 5.77  /HOME/EGEMEN/MPLABXPROJECTS/THE2   3-31-2018  13:36:41         PAGE 21


SYMBOL TABLE
  LABEL                             VALUE 

SDO                               00000005
SDO1                              00000005
SDO2                              00000004
SEN                               00000000
SEN2                              00000000
SENDB                             00000003
SENDB1                            00000003
SENDB2                            00000003
SMP                               00000007
SMP2                              00000007
SP0                               00000000
SP1                               00000001
SP2                               00000002
SP3                               00000003
SP4                               00000004
SPBRG                             00000FAF
SPBRG1                            00000FAF
SPBRG2                            00000F6F
SPBRGH                            00000F7F
SPBRGH1                           00000F7F
SPBRGH2                           00000F7D
SPEN                              00000007
SPEN1                             00000007
SPEN2                             00000007
SREN                              00000005
SREN1                             00000005
SREN2                             00000005
SS1                               00000007
SS2                               00000007
SSP1ADD                           00000FC8
SSP1BUF                           00000FC9
SSP1CON1                          00000FC6
SSP1CON2                          00000FC5
SSP1IE                            00000003
SSP1IF                            00000003
SSP1IP                            00000003
SSP1STAT                          00000FC7
SSP2ADD                           00000F65
SSP2BUF                           00000F66
SSP2CON1                          00000F63
SSP2CON2                          00000F62
SSP2IE                            00000007
SSP2IF                            00000007
SSP2IP                            00000007
SSP2STAT                          00000F64
SSPADD                            00000FC8
SSPBUF                            00000FC9
SSPCON1                           00000FC6
SSPCON2                           00000FC5
SSPEN                             00000005
SSPEN2                            00000005
SSPIE                             00000003
SSPIF                             00000003
MPASM 5.77  /HOME/EGEMEN/MPLABXPROJECTS/THE2   3-31-2018  13:36:41         PAGE 22


SYMBOL TABLE
  LABEL                             VALUE 

SSPIP                             00000003
SSPM0                             00000000
SSPM02                            00000000
SSPM1                             00000001
SSPM12                            00000001
SSPM2                             00000002
SSPM22                            00000002
SSPM3                             00000003
SSPM32                            00000003
SSPOV                             00000006
SSPOV2                            00000006
SSPSTAT                           00000FC7
START                             0000000E
START2                            00000003
STATUS                            00000FD8
STKFUL                            00000007
STKOVF                            00000007
STKPTR                            00000FFC
STKPTR0                           00000000
STKPTR1                           00000001
STKPTR2                           00000002
STKPTR3                           00000003
STKPTR4                           00000004
STKUNF                            00000006
STOP2                             00000004
SWDTE                             00000000
SWDTEN                            00000000
SYNC                              00000004
SYNC1                             00000004
SYNC2                             00000004
T08BIT                            00000006
T0CKI                             00000004
T0CON                             00000FD5
T0CS                              00000005
T0IE                              00000005
T0IF                              00000002
T0IP                              00000002
T0PS0                             00000000
T0PS1                             00000001
T0PS2                             00000002
T0PS3                             00000003
T0SE                              00000004
T13CKI                            00000000
T1CKPS0                           00000004
T1CKPS1                           00000005
T1CON                             00000FCD
T1INSYNC                          00000002
T1OSCEN                           00000003
T1OSI                             00000001
T1OSO                             00000000
T1RUN                             00000006
T1SYNC                            00000002
T2CKPS0                           00000000
MPASM 5.77  /HOME/EGEMEN/MPLABXPROJECTS/THE2   3-31-2018  13:36:41         PAGE 23


SYMBOL TABLE
  LABEL                             VALUE 

T2CKPS1                           00000001
T2CON                             00000FCA
T2OUTPS0                          00000003
T2OUTPS1                          00000004
T2OUTPS2                          00000005
T2OUTPS3                          00000006
T3CCP1                            00000003
T3CCP2                            00000006
T3CKPS0                           00000004
T3CKPS1                           00000005
T3CON                             00000FB1
T3INSYNC                          00000002
T3SYNC                            00000002
T4CKPS0                           00000000
T4CKPS1                           00000001
T4CON                             00000F76
T4OUTPS0                          00000003
T4OUTPS1                          00000004
T4OUTPS2                          00000005
T4OUTPS3                          00000006
TABLAT                            00000FF5
TBLPTR                            00000FF6
TBLPTRH                           00000FF7
TBLPTRL                           00000FF6
TBLPTRU                           00000FF8
TMR0                              00000FD6
TMR0H                             00000FD7
TMR0IE                            00000005
TMR0IF                            00000002
TMR0IP                            00000002
TMR0L                             00000FD6
TMR0ON                            00000007
TMR1                              00000FCE
TMR1CS                            00000001
TMR1H                             00000FCF
TMR1IE                            00000000
TMR1IF                            00000000
TMR1IP                            00000000
TMR1L                             00000FCE
TMR1ON                            00000000
TMR2                              00000FCC
TMR2IE                            00000001
TMR2IF                            00000001
TMR2IP                            00000001
TMR2ON                            00000002
TMR3                              00000FB2
TMR3CS                            00000001
TMR3H                             00000FB3
TMR3IE                            00000001
TMR3IF                            00000001
TMR3IP                            00000001
TMR3L                             00000FB2
TMR3ON                            00000000
MPASM 5.77  /HOME/EGEMEN/MPLABXPROJECTS/THE2   3-31-2018  13:36:41         PAGE 24


SYMBOL TABLE
  LABEL                             VALUE 

TMR4                              00000F78
TMR4IE                            00000003
TMR4IF                            00000003
TMR4IP                            00000003
TMR4ON                            00000002
TO                                00000003
TOS                               00000FFD
TOSH                              00000FFE
TOSL                              00000FFD
TOSU                              00000FFF
TRISA                             00000F92
TRISA0                            00000000
TRISA1                            00000001
TRISA2                            00000002
TRISA3                            00000003
TRISA4                            00000004
TRISA5                            00000005
TRISA6                            00000006
TRISA7                            00000007
TRISB                             00000F93
TRISB0                            00000000
TRISB1                            00000001
TRISB2                            00000002
TRISB3                            00000003
TRISB4                            00000004
TRISB5                            00000005
TRISB6                            00000006
TRISB7                            00000007
TRISC                             00000F94
TRISC0                            00000000
TRISC1                            00000001
TRISC2                            00000002
TRISC3                            00000003
TRISC4                            00000004
TRISC5                            00000005
TRISC6                            00000006
TRISC7                            00000007
TRISD                             00000F95
TRISD0                            00000000
TRISD1                            00000001
TRISD2                            00000002
TRISD3                            00000003
TRISD4                            00000004
TRISD5                            00000005
TRISD6                            00000006
TRISD7                            00000007
TRISE                             00000F96
TRISE0                            00000000
TRISE1                            00000001
TRISE2                            00000002
TRISE3                            00000003
TRISE4                            00000004
TRISE5                            00000005
MPASM 5.77  /HOME/EGEMEN/MPLABXPROJECTS/THE2   3-31-2018  13:36:41         PAGE 25


SYMBOL TABLE
  LABEL                             VALUE 

TRISE6                            00000006
TRISE7                            00000007
TRISF                             00000F97
TRISF0                            00000000
TRISF1                            00000001
TRISF2                            00000002
TRISF3                            00000003
TRISF4                            00000004
TRISF5                            00000005
TRISF6                            00000006
TRISF7                            00000007
TRISG                             00000F98
TRISG0                            00000000
TRISG1                            00000001
TRISG2                            00000002
TRISG3                            00000003
TRISG4                            00000004
TRISH                             00000F99
TRISH0                            00000000
TRISH1                            00000001
TRISH2                            00000002
TRISH3                            00000003
TRISH4                            00000004
TRISH5                            00000005
TRISH6                            00000006
TRISH7                            00000007
TRISJ                             00000F9A
TRISJ0                            00000000
TRISJ1                            00000001
TRISJ2                            00000002
TRISJ3                            00000003
TRISJ4                            00000004
TRISJ5                            00000005
TRISJ6                            00000006
TRISJ7                            00000007
TRMT                              00000001
TRMT1                             00000001
TRMT2                             00000001
TUN0                              00000000
TUN1                              00000001
TUN2                              00000002
TUN3                              00000003
TUN4                              00000004
TX                                00000006
TX1                               00000006
TX1IE                             00000004
TX1IF                             00000004
TX1IP                             00000004
TX2                               00000001
TX2IE                             00000004
TX2IF                             00000004
TX2IP                             00000004
TX8_9                             00000006
MPASM 5.77  /HOME/EGEMEN/MPLABXPROJECTS/THE2   3-31-2018  13:36:41         PAGE 26


SYMBOL TABLE
  LABEL                             VALUE 

TX9                               00000006
TX91                              00000006
TX92                              00000006
TX9D                              00000000
TX9D1                             00000000
TX9D2                             00000000
TXD8                              00000000
TXEN                              00000005
TXEN1                             00000005
TXEN2                             00000005
TXIE                              00000004
TXIF                              00000004
TXIP                              00000004
TXREG                             00000FAD
TXREG1                            00000FAD
TXREG2                            00000F6D
TXSTA                             00000FAC
TXSTA1                            00000FAC
TXSTA2                            00000F6C
UA                                00000001
UA2                               00000001
UB                                00000007
VCFG0                             00000004
VCFG1                             00000005
VDIRMAG                           00000007
VREFM                             00000002
VREFP                             00000003
W                                 00000000
WAIT0                             00000004
WAIT1                             00000005
WCOL                              00000007
WCOL2                             00000007
WDTCON                            00000FD1
WM0                               00000000
WM1                               00000001
WR                                00000001
WREG                              00000FE8
WREN                              00000002
WRERR                             00000003
WRH                               00000003
WRL                               00000002
WUE                               00000001
WUE1                              00000001
WUE2                              00000001
Z                                 00000002
_ADDRBW_ADDR12BIT_3L              000000DF
_ADDRBW_ADDR16BIT_3L              000000EF
_ADDRBW_ADDR20BIT_3L              000000FF
_ADDRBW_ADDR8BIT_3L               000000CF
_BBSIZ_BB2K_4L                    000000CF
_BBSIZ_BB4K_4L                    000000DF
_BBSIZ_BB8K_4L                    000000EF
_BOREN_NOSLP_2L                   000000FD
MPASM 5.77  /HOME/EGEMEN/MPLABXPROJECTS/THE2   3-31-2018  13:36:41         PAGE 27


SYMBOL TABLE
  LABEL                             VALUE 

_BOREN_OFF_2L                     000000F9
_BOREN_ON_2L                      000000FB
_BOREN_SBORDIS_2L                 000000FF
_BORV_0_2L                        000000E7
_BORV_1_2L                        000000EF
_BORV_2_2L                        000000F7
_BORV_3_2L                        000000FF
_CCP2MX_PORTBE_3H                 000000FE
_CCP2MX_PORTC_3H                  000000FF
_CONFIG1H                         00300001
_CONFIG2H                         00300003
_CONFIG2L                         00300002
_CONFIG3H                         00300005
_CONFIG3L                         00300004
_CONFIG4L                         00300006
_CONFIG5H                         00300009
_CONFIG5L                         00300008
_CONFIG6H                         0030000B
_CONFIG6L                         0030000A
_CONFIG7H                         0030000D
_CONFIG7L                         0030000C
_CP0_OFF_5L                       000000FF
_CP0_ON_5L                        000000FE
_CP1_OFF_5L                       000000FF
_CP1_ON_5L                        000000FD
_CP2_OFF_5L                       000000FF
_CP2_ON_5L                        000000FB
_CP3_OFF_5L                       000000FF
_CP3_ON_5L                        000000F7
_CP4_OFF_5L                       000000FF
_CP4_ON_5L                        000000EF
_CP5_OFF_5L                       000000FF
_CP5_ON_5L                        000000DF
_CP6_OFF_5L                       000000FF
_CP6_ON_5L                        000000BF
_CP7_OFF_5L                       000000FF
_CP7_ON_5L                        0000007F
_CPB_OFF_5H                       000000FF
_CPB_ON_5H                        000000BF
_CPD_OFF_5H                       000000FF
_CPD_ON_5H                        0000007F
_DATABW_DATA16BIT_3L              000000FF
_DATABW_DATA8BIT_3L               000000BF
_DEBUG_OFF_4L                     000000FF
_DEBUG_ON_4L                      0000007F
_DEVID1                           003FFFFE
_DEVID2                           003FFFFF
_EBTR0_OFF_7L                     000000FF
_EBTR0_ON_7L                      000000FE
_EBTR1_OFF_7L                     000000FF
_EBTR1_ON_7L                      000000FD
_EBTR2_OFF_7L                     000000FF
_EBTR2_ON_7L                      000000FB
MPASM 5.77  /HOME/EGEMEN/MPLABXPROJECTS/THE2   3-31-2018  13:36:41         PAGE 28


SYMBOL TABLE
  LABEL                             VALUE 

_EBTR3_OFF_7L                     000000FF
_EBTR3_ON_7L                      000000F7
_EBTR4_OFF_7L                     000000FF
_EBTR4_ON_7L                      000000EF
_EBTR5_OFF_7L                     000000FF
_EBTR5_ON_7L                      000000DF
_EBTR6_OFF_7L                     000000FF
_EBTR6_ON_7L                      000000BF
_EBTR7_OFF_7L                     000000FF
_EBTR7_ON_7L                      0000007F
_EBTRB_OFF_7H                     000000FF
_EBTRB_ON_7H                      000000BF
_ECCPMX_PORTE_3H                  000000FF
_ECCPMX_PORTH_3H                  000000FD
_FCMEN_OFF_1H                     000000BF
_FCMEN_ON_1H                      000000FF
_IDLOC0                           00200000
_IDLOC1                           00200001
_IDLOC2                           00200002
_IDLOC3                           00200003
_IDLOC4                           00200004
_IDLOC5                           00200005
_IDLOC6                           00200006
_IDLOC7                           00200007
_IESO_OFF_1H                      0000007F
_IESO_ON_1H                       000000FF
_LPT1OSC_OFF_3H                   000000FB
_LPT1OSC_ON_3H                    000000FF
_LVP_OFF_4L                       000000FB
_LVP_ON_4L                        000000FF
_MCLRE_OFF_3H                     0000007F
_MCLRE_ON_3H                      000000FF
_MODE_EM_3L                       000000FC
_MODE_MC_3L                       000000FF
_MODE_MPB_3L                      000000FD
_MODE_MP_3L                       000000FE
_OSC_ECIO6_1H                     000000F5
_OSC_EC_1H                        000000F4
_OSC_HSPLL_1H                     000000F6
_OSC_HS_1H                        000000F2
_OSC_INTIO67_1H                   000000F8
_OSC_INTIO7_1H                    000000F9
_OSC_LP_1H                        000000F0
_OSC_RCIO6_1H                     000000F7
_OSC_RC_1H                        000000F3
_OSC_XT_1H                        000000F1
_PWRT_OFF_2L                      000000FF
_PWRT_ON_2L                       000000FE
_STVREN_OFF_4L                    000000FE
_STVREN_ON_4L                     000000FF
_WAIT_OFF_3L                      000000FF
_WAIT_ON_3L                       0000007F
_WDTPS_1024_2H                    000000F5
MPASM 5.77  /HOME/EGEMEN/MPLABXPROJECTS/THE2   3-31-2018  13:36:41         PAGE 29


SYMBOL TABLE
  LABEL                             VALUE 

_WDTPS_128_2H                     000000EF
_WDTPS_16384_2H                   000000FD
_WDTPS_16_2H                      000000E9
_WDTPS_1_2H                       000000E1
_WDTPS_2048_2H                    000000F7
_WDTPS_256_2H                     000000F1
_WDTPS_2_2H                       000000E3
_WDTPS_32768_2H                   000000FF
_WDTPS_32_2H                      000000EB
_WDTPS_4096_2H                    000000F9
_WDTPS_4_2H                       000000E5
_WDTPS_512_2H                     000000F3
_WDTPS_64_2H                      000000ED
_WDTPS_8192_2H                    000000FB
_WDTPS_8_2H                       000000E7
_WDT_OFF_2H                       000000FE
_WDT_ON_2H                        000000FF
_WRT0_OFF_6L                      000000FF
_WRT0_ON_6L                       000000FE
_WRT1_OFF_6L                      000000FF
_WRT1_ON_6L                       000000FD
_WRT2_OFF_6L                      000000FF
_WRT2_ON_6L                       000000FB
_WRT3_OFF_6L                      000000FF
_WRT3_ON_6L                       000000F7
_WRT4_OFF_6L                      000000FF
_WRT4_ON_6L                       000000EF
_WRT5_OFF_6L                      000000FF
_WRT5_ON_6L                       000000DF
_WRT6_OFF_6L                      000000FF
_WRT6_ON_6L                       000000BF
_WRT7_OFF_6L                      000000FF
_WRT7_ON_6L                       0000007F
_WRTB_OFF_6H                      000000FF
_WRTB_ON_6H                       000000BF
_WRTC_OFF_6H                      000000FF
_WRTC_ON_6H                       000000DF
_WRTD_OFF_6H                      000000FF
_WRTD_ON_6H                       0000007F
_XINST_OFF_4L                     000000BF
_XINST_ON_4L                      000000FF
__18F8722                         00000001
main                              00000012
move_down_1                       00000005
move_down_2                       00000007
move_paddle1_down                 0000005E
move_paddle1_end                  0000006C
move_paddle1_up                   00000052
move_paddle2_down                 000000B2
move_paddle2_end                  000000C0
move_paddle2_up                   000000A6
move_up_1                         00000004
move_up_2                         00000006
MPASM 5.77  /HOME/EGEMEN/MPLABXPROJECTS/THE2   3-31-2018  13:36:41         PAGE 30


SYMBOL TABLE
  LABEL                             VALUE 

paddle_1                          0000001E
paddle_1_led_task                 0000004C
paddle_2                          00000072
paddle_2_led_task                 000000A0
s_1_down                          00000001
s_1_up                            00000000
s_2_down                          00000003
s_2_up                            00000002

Errors   :     0
Warnings :    22 reported,     0 suppressed
Messages :     0 reported,     0 suppressed

